<?xml version="1.0" encoding="UTF-8"?>
<!-- Generated by org.testng.reporters.JUnitReportReporter -->
<testsuite hostname="DESKTOP-ND80KL7" failures="0" tests="1" name="CFMIS_claims.BH_Approval" time="100.192" errors="0" timestamp="2021-07-13T17:25:10 SGT" skipped="0">
  <testcase classname="CFMIS_claims.BH_Approval" name="LoginBH" time="100.192"/>
  <system-out/>
</testsuite> <!-- CFMIS_claims.BH_Approval -->
